[2021-10-26 15:39:35,252] multiqc                                            [DEBUG  ]  This is MultiQC v1.11
[2021-10-26 15:39:35,252] multiqc                                            [DEBUG  ]  No MultiQC config found: /usr/local/lib/python3.6/dist-packages/multiqc_config.yaml
[2021-10-26 15:39:35,252] multiqc                                            [DEBUG  ]  No MultiQC config found: /home/aakosmachev/.multiqc_config.yaml
[2021-10-26 15:39:35,252] multiqc                                            [DEBUG  ]  No MultiQC config found: multiqc_config.yaml
[2021-10-26 15:39:35,252] multiqc                                            [DEBUG  ]  Command used: /usr/local/bin/multiqc -o multiqc fastqc
[2021-10-26 15:39:35,639] multiqc                                            [DEBUG  ]  Latest MultiQC version is v1.11
[2021-10-26 15:39:35,640] multiqc                                            [DEBUG  ]  Command     : /usr/local/bin/multiqc -o multiqc fastqc
[2021-10-26 15:39:35,640] multiqc                                            [DEBUG  ]  Working dir : /home/aakosmachev/hw1
[2021-10-26 15:39:35,640] multiqc                                            [DEBUG  ]  Template    : default
[2021-10-26 15:39:35,640] multiqc                                            [DEBUG  ]  Running Python 3.6.9 (default, Jan 26 2021, 15:33:00)  [GCC 8.4.0]
[2021-10-26 15:39:35,641] multiqc                                            [DEBUG  ]  Analysing modules: custom_content, ccs, ngsderive, purple, conpair, lima, peddy, somalier, methylQA, mosdepth, phantompeakqualtools, qualimap, preseq, quast, qorts, rna_seqc, rockhopper, rsem, rseqc, busco, bustools, goleft_indexcov, gffcompare, disambiguate, supernova, deeptools, sargasso, verifybamid, mirtrace, happy, mirtop, sambamba, homer, hops, macs2, theta2, snpeff, gatk, htseq, bcftools, featureCounts, fgbio, dragen, dedup, damageprofiler, biobambam2, jcvi, mtnucratio, picard, vep, sentieon, prokka, qc3C, nanostat, samblaster, samtools, sexdeterrmine, eigenstratdatabasetools, bamtools, jellyfish, vcftools, longranger, stacks, varscan2, snippy, bbmap, bismark, biscuit, hicexplorer, hicup, hicpro, salmon, kallisto, slamdunk, star, hisat2, tophat, bowtie2, bowtie1, snpsplit, odgi, pangolin, kat, leehom, adapterRemoval, clipandmerge, cutadapt, flexbar, kaiju, kraken, malt, trimmomatic, sickle, skewer, sortmerna, biobloomtools, fastq_screen, afterqc, fastp, fastqc, pychopper, pycoqc, minionqc, multivcfanalyzer, clusterflow, bcl2fastq, bclconvert, interop, ivar, flash, seqyclean, optitype
[2021-10-26 15:39:35,642] multiqc                                            [DEBUG  ]  Using temporary directory for creating report: /tmp/tmpvoxaxs_3
[2021-10-26 15:39:35,753] multiqc                                            [INFO   ]  Search path : /home/aakosmachev/hw1/fastqc
[2021-10-26 15:39:35,773] multiqc                                            [DEBUG  ]  File ignored by ccs/v4 because it exceeded search pattern filesize limit: sub1_fastqc.html
[2021-10-26 15:39:35,774] multiqc                                            [DEBUG  ]  File ignored by hicexplorer because it exceeded search pattern filesize limit: sub1_fastqc.html
[2021-10-26 15:39:35,774] multiqc                                            [DEBUG  ]  File ignored by nanostat because it exceeded search pattern filesize limit: sub1_fastqc.html
[2021-10-26 15:39:35,774] multiqc                                            [DEBUG  ]  File ignored by lima/summary because it exceeded search pattern filesize limit: sub1_fastqc.html
[2021-10-26 15:39:35,776] multiqc                                            [DEBUG  ]  File ignored by vep/vep_txt because it exceeded search pattern filesize limit: sub1_fastqc.html
[2021-10-26 15:39:35,776] multiqc                                            [DEBUG  ]  File ignored by longranger/invocation because it exceeded search pattern filesize limit: sub1_fastqc.html
[2021-10-26 15:39:35,776] multiqc                                            [DEBUG  ]  File ignored by rockhopper because it exceeded search pattern filesize limit: sub1_fastqc.html
[2021-10-26 15:39:35,776] multiqc                                            [DEBUG  ]  File ignored by rseqc/bam_stat because it exceeded search pattern filesize limit: sub1_fastqc.html
[2021-10-26 15:39:35,776] multiqc                                            [DEBUG  ]  File ignored by rseqc/junction_annotation because it exceeded search pattern filesize limit: sub1_fastqc.html
[2021-10-26 15:39:35,776] multiqc                                            [DEBUG  ]  File ignored by rseqc/read_distribution because it exceeded search pattern filesize limit: sub1_fastqc.html
[2021-10-26 15:39:35,776] multiqc                                            [DEBUG  ]  File ignored by rseqc/infer_experiment because it exceeded search pattern filesize limit: sub1_fastqc.html
[2021-10-26 15:39:35,834] multiqc                                            [DEBUG  ]  File ignored by ccs/v4 because it exceeded search pattern filesize limit: sub2_fastqc.html
[2021-10-26 15:39:35,835] multiqc                                            [DEBUG  ]  File ignored by hicexplorer because it exceeded search pattern filesize limit: sub2_fastqc.html
[2021-10-26 15:39:35,835] multiqc                                            [DEBUG  ]  File ignored by nanostat because it exceeded search pattern filesize limit: sub2_fastqc.html
[2021-10-26 15:39:35,835] multiqc                                            [DEBUG  ]  File ignored by lima/summary because it exceeded search pattern filesize limit: sub2_fastqc.html
[2021-10-26 15:39:35,836] multiqc                                            [DEBUG  ]  File ignored by vep/vep_txt because it exceeded search pattern filesize limit: sub2_fastqc.html
[2021-10-26 15:39:35,836] multiqc                                            [DEBUG  ]  File ignored by longranger/invocation because it exceeded search pattern filesize limit: sub2_fastqc.html
[2021-10-26 15:39:35,836] multiqc                                            [DEBUG  ]  File ignored by rockhopper because it exceeded search pattern filesize limit: sub2_fastqc.html
[2021-10-26 15:39:35,836] multiqc                                            [DEBUG  ]  File ignored by rseqc/bam_stat because it exceeded search pattern filesize limit: sub2_fastqc.html
[2021-10-26 15:39:35,836] multiqc                                            [DEBUG  ]  File ignored by rseqc/junction_annotation because it exceeded search pattern filesize limit: sub2_fastqc.html
[2021-10-26 15:39:35,836] multiqc                                            [DEBUG  ]  File ignored by rseqc/read_distribution because it exceeded search pattern filesize limit: sub2_fastqc.html
[2021-10-26 15:39:35,836] multiqc                                            [DEBUG  ]  File ignored by rseqc/infer_experiment because it exceeded search pattern filesize limit: sub2_fastqc.html
[2021-10-26 15:39:35,895] multiqc                                            [DEBUG  ]  File ignored by ccs/v4 because it exceeded search pattern filesize limit: sub1_mp_fastqc.html
[2021-10-26 15:39:35,895] multiqc                                            [DEBUG  ]  File ignored by hicexplorer because it exceeded search pattern filesize limit: sub1_mp_fastqc.html
[2021-10-26 15:39:35,895] multiqc                                            [DEBUG  ]  File ignored by nanostat because it exceeded search pattern filesize limit: sub1_mp_fastqc.html
[2021-10-26 15:39:35,896] multiqc                                            [DEBUG  ]  File ignored by lima/summary because it exceeded search pattern filesize limit: sub1_mp_fastqc.html
[2021-10-26 15:39:35,897] multiqc                                            [DEBUG  ]  File ignored by vep/vep_txt because it exceeded search pattern filesize limit: sub1_mp_fastqc.html
[2021-10-26 15:39:35,897] multiqc                                            [DEBUG  ]  File ignored by longranger/invocation because it exceeded search pattern filesize limit: sub1_mp_fastqc.html
[2021-10-26 15:39:35,897] multiqc                                            [DEBUG  ]  File ignored by rockhopper because it exceeded search pattern filesize limit: sub1_mp_fastqc.html
[2021-10-26 15:39:35,897] multiqc                                            [DEBUG  ]  File ignored by rseqc/bam_stat because it exceeded search pattern filesize limit: sub1_mp_fastqc.html
[2021-10-26 15:39:35,897] multiqc                                            [DEBUG  ]  File ignored by rseqc/junction_annotation because it exceeded search pattern filesize limit: sub1_mp_fastqc.html
[2021-10-26 15:39:35,897] multiqc                                            [DEBUG  ]  File ignored by rseqc/read_distribution because it exceeded search pattern filesize limit: sub1_mp_fastqc.html
[2021-10-26 15:39:35,897] multiqc                                            [DEBUG  ]  File ignored by rseqc/infer_experiment because it exceeded search pattern filesize limit: sub1_mp_fastqc.html
[2021-10-26 15:39:35,951] multiqc                                            [DEBUG  ]  File ignored by ccs/v4 because it exceeded search pattern filesize limit: sub2_mp_fastqc.html
[2021-10-26 15:39:35,952] multiqc                                            [DEBUG  ]  File ignored by hicexplorer because it exceeded search pattern filesize limit: sub2_mp_fastqc.html
[2021-10-26 15:39:35,952] multiqc                                            [DEBUG  ]  File ignored by nanostat because it exceeded search pattern filesize limit: sub2_mp_fastqc.html
[2021-10-26 15:39:35,952] multiqc                                            [DEBUG  ]  File ignored by lima/summary because it exceeded search pattern filesize limit: sub2_mp_fastqc.html
[2021-10-26 15:39:35,953] multiqc                                            [DEBUG  ]  File ignored by vep/vep_txt because it exceeded search pattern filesize limit: sub2_mp_fastqc.html
[2021-10-26 15:39:35,953] multiqc                                            [DEBUG  ]  File ignored by longranger/invocation because it exceeded search pattern filesize limit: sub2_mp_fastqc.html
[2021-10-26 15:39:35,953] multiqc                                            [DEBUG  ]  File ignored by rockhopper because it exceeded search pattern filesize limit: sub2_mp_fastqc.html
[2021-10-26 15:39:35,953] multiqc                                            [DEBUG  ]  File ignored by rseqc/bam_stat because it exceeded search pattern filesize limit: sub2_mp_fastqc.html
[2021-10-26 15:39:35,953] multiqc                                            [DEBUG  ]  File ignored by rseqc/junction_annotation because it exceeded search pattern filesize limit: sub2_mp_fastqc.html
[2021-10-26 15:39:35,953] multiqc                                            [DEBUG  ]  File ignored by rseqc/read_distribution because it exceeded search pattern filesize limit: sub2_mp_fastqc.html
[2021-10-26 15:39:35,953] multiqc                                            [DEBUG  ]  File ignored by rseqc/infer_experiment because it exceeded search pattern filesize limit: sub2_mp_fastqc.html
[2021-10-26 15:39:36,463] multiqc.plots.bargraph                             [DEBUG  ]  Using matplotlib version 3.3.3
[2021-10-26 15:39:36,463] multiqc.plots.linegraph                            [DEBUG  ]  Using matplotlib version 3.3.3
[2021-10-26 15:39:36,463] multiqc                                            [DEBUG  ]  No samples found: custom_content
[2021-10-26 15:39:36,466] multiqc                                            [DEBUG  ]  No samples found: ccs
[2021-10-26 15:39:36,468] multiqc                                            [DEBUG  ]  No samples found: ngsderive
[2021-10-26 15:39:36,471] multiqc                                            [DEBUG  ]  No samples found: purple
[2021-10-26 15:39:36,473] multiqc                                            [DEBUG  ]  No samples found: conpair
[2021-10-26 15:39:36,476] multiqc                                            [DEBUG  ]  No samples found: lima
[2021-10-26 15:39:36,478] multiqc                                            [DEBUG  ]  No samples found: peddy
[2021-10-26 15:39:36,481] multiqc                                            [DEBUG  ]  No samples found: somalier
[2021-10-26 15:39:36,483] multiqc                                            [DEBUG  ]  No samples found: methylQA
[2021-10-26 15:39:36,486] multiqc.modules.mosdepth.mosdepth                  [DEBUG  ]  include_contigs: []
[2021-10-26 15:39:36,486] multiqc.modules.mosdepth.mosdepth                  [DEBUG  ]  exclude_contigs: []
[2021-10-26 15:39:36,486] multiqc                                            [DEBUG  ]  No samples found: mosdepth
[2021-10-26 15:39:36,488] multiqc                                            [DEBUG  ]  No samples found: phantompeakqualtools
[2021-10-26 15:39:36,491] multiqc                                            [DEBUG  ]  No samples found: qualimap
[2021-10-26 15:39:36,493] multiqc                                            [DEBUG  ]  No samples found: preseq
[2021-10-26 15:39:36,496] multiqc                                            [DEBUG  ]  No samples found: quast
[2021-10-26 15:39:36,498] multiqc                                            [DEBUG  ]  No samples found: qorts
[2021-10-26 15:39:36,501] multiqc                                            [DEBUG  ]  No samples found: rna_seqc
[2021-10-26 15:39:36,503] multiqc                                            [DEBUG  ]  No samples found: rockhopper
[2021-10-26 15:39:36,506] multiqc                                            [DEBUG  ]  No samples found: rsem
[2021-10-26 15:39:36,509] multiqc                                            [DEBUG  ]  No samples found: rseqc
[2021-10-26 15:39:36,511] multiqc                                            [DEBUG  ]  No samples found: busco
[2021-10-26 15:39:36,514] multiqc                                            [DEBUG  ]  No samples found: bustools
[2021-10-26 15:39:36,516] multiqc                                            [DEBUG  ]  No samples found: goleft_indexcov
[2021-10-26 15:39:36,519] multiqc                                            [DEBUG  ]  No samples found: gffcompare
[2021-10-26 15:39:36,521] multiqc                                            [DEBUG  ]  No samples found: disambiguate
[2021-10-26 15:39:36,524] multiqc                                            [DEBUG  ]  No samples found: supernova
[2021-10-26 15:39:36,527] multiqc                                            [DEBUG  ]  No samples found: deeptools
[2021-10-26 15:39:36,529] multiqc                                            [DEBUG  ]  No samples found: sargasso
[2021-10-26 15:39:36,532] multiqc                                            [DEBUG  ]  No samples found: verifybamid
[2021-10-26 15:39:36,534] multiqc                                            [DEBUG  ]  No samples found: mirtrace
[2021-10-26 15:39:36,537] multiqc                                            [DEBUG  ]  No samples found: happy
[2021-10-26 15:39:36,539] multiqc                                            [DEBUG  ]  No samples found: mirtop
[2021-10-26 15:39:36,542] multiqc                                            [DEBUG  ]  No samples found: sambamba
[2021-10-26 15:39:36,544] multiqc                                            [DEBUG  ]  No samples found: homer
[2021-10-26 15:39:36,547] multiqc                                            [DEBUG  ]  No samples found: hops
[2021-10-26 15:39:36,549] multiqc                                            [DEBUG  ]  No samples found: macs2
[2021-10-26 15:39:36,552] multiqc                                            [DEBUG  ]  No samples found: theta2
[2021-10-26 15:39:36,554] multiqc                                            [DEBUG  ]  No samples found: snpeff
[2021-10-26 15:39:36,557] multiqc                                            [DEBUG  ]  No samples found: gatk
[2021-10-26 15:39:36,560] multiqc                                            [DEBUG  ]  No samples found: htseq
[2021-10-26 15:39:36,563] multiqc                                            [DEBUG  ]  No samples found: bcftools
[2021-10-26 15:39:36,565] multiqc                                            [DEBUG  ]  No samples found: featureCounts
[2021-10-26 15:39:36,568] multiqc                                            [DEBUG  ]  No samples found: fgbio
[2021-10-26 15:39:36,572] multiqc                                            [DEBUG  ]  No samples found: dragen
[2021-10-26 15:39:36,574] multiqc                                            [DEBUG  ]  No samples found: dedup
[2021-10-26 15:39:36,577] multiqc                                            [DEBUG  ]  No samples found: damageprofiler
[2021-10-26 15:39:36,582] multiqc                                            [DEBUG  ]  No samples found: biobambam2
[2021-10-26 15:39:36,584] multiqc                                            [DEBUG  ]  No samples found: jcvi
[2021-10-26 15:39:36,587] multiqc                                            [DEBUG  ]  No samples found: mtnucratio
[2021-10-26 15:39:36,589] multiqc                                            [DEBUG  ]  No samples found: picard
[2021-10-26 15:39:36,591] multiqc                                            [DEBUG  ]  No samples found: vep
[2021-10-26 15:39:36,594] multiqc                                            [DEBUG  ]  No samples found: sentieon
[2021-10-26 15:39:36,596] multiqc                                            [DEBUG  ]  No samples found: prokka
[2021-10-26 15:39:36,599] multiqc                                            [DEBUG  ]  No samples found: qc3C
[2021-10-26 15:39:36,601] multiqc                                            [DEBUG  ]  No samples found: nanostat
[2021-10-26 15:39:36,604] multiqc                                            [DEBUG  ]  No samples found: samblaster
[2021-10-26 15:39:36,607] multiqc                                            [DEBUG  ]  No samples found: samtools
[2021-10-26 15:39:36,609] multiqc                                            [DEBUG  ]  No samples found: sexdeterrmine
[2021-10-26 15:39:36,612] multiqc                                            [DEBUG  ]  No samples found: eigenstratdatabasetools
[2021-10-26 15:39:36,614] multiqc                                            [DEBUG  ]  No samples found: bamtools
[2021-10-26 15:39:36,617] multiqc                                            [DEBUG  ]  No samples found: jellyfish
[2021-10-26 15:39:36,619] multiqc                                            [DEBUG  ]  No samples found: vcftools
[2021-10-26 15:39:36,622] multiqc                                            [DEBUG  ]  No samples found: longranger
[2021-10-26 15:39:36,624] multiqc                                            [DEBUG  ]  No samples found: stacks
[2021-10-26 15:39:36,627] multiqc                                            [DEBUG  ]  No samples found: varscan2
[2021-10-26 15:39:36,629] multiqc                                            [DEBUG  ]  No samples found: snippy
[2021-10-26 15:39:36,632] multiqc                                            [DEBUG  ]  No samples found: bbmap
[2021-10-26 15:39:36,635] multiqc                                            [DEBUG  ]  No samples found: bismark
[2021-10-26 15:39:36,637] multiqc                                            [DEBUG  ]  No samples found: biscuit
[2021-10-26 15:39:36,640] multiqc                                            [DEBUG  ]  No samples found: hicexplorer
[2021-10-26 15:39:36,642] multiqc                                            [DEBUG  ]  No samples found: hicup
[2021-10-26 15:39:36,645] multiqc                                            [DEBUG  ]  No samples found: hicpro
[2021-10-26 15:39:36,647] multiqc                                            [DEBUG  ]  No samples found: salmon
[2021-10-26 15:39:36,650] multiqc                                            [DEBUG  ]  No samples found: kallisto
[2021-10-26 15:39:36,652] multiqc                                            [DEBUG  ]  No samples found: slamdunk
[2021-10-26 15:39:36,655] multiqc                                            [DEBUG  ]  No samples found: star
[2021-10-26 15:39:36,657] multiqc                                            [DEBUG  ]  No samples found: hisat2
[2021-10-26 15:39:36,660] multiqc                                            [DEBUG  ]  No samples found: tophat
[2021-10-26 15:39:36,662] multiqc                                            [DEBUG  ]  No samples found: bowtie2
[2021-10-26 15:39:36,664] multiqc                                            [DEBUG  ]  No samples found: bowtie1
[2021-10-26 15:39:36,667] multiqc                                            [DEBUG  ]  No samples found: snpsplit
[2021-10-26 15:39:36,669] multiqc                                            [DEBUG  ]  No samples found: odgi
[2021-10-26 15:39:36,672] multiqc                                            [DEBUG  ]  No samples found: pangolin
[2021-10-26 15:39:36,674] multiqc                                            [DEBUG  ]  No samples found: kat
[2021-10-26 15:39:36,677] multiqc                                            [DEBUG  ]  No samples found: leehom
[2021-10-26 15:39:36,679] multiqc                                            [DEBUG  ]  No samples found: adapterRemoval
[2021-10-26 15:39:36,681] multiqc                                            [DEBUG  ]  No samples found: clipandmerge
[2021-10-26 15:39:36,684] multiqc                                            [DEBUG  ]  No samples found: cutadapt
[2021-10-26 15:39:36,686] multiqc                                            [DEBUG  ]  No samples found: flexbar
[2021-10-26 15:39:36,689] multiqc                                            [DEBUG  ]  No samples found: kaiju
[2021-10-26 15:39:36,691] multiqc                                            [DEBUG  ]  No samples found: kraken
[2021-10-26 15:39:36,694] multiqc                                            [DEBUG  ]  No samples found: malt
[2021-10-26 15:39:36,696] multiqc                                            [DEBUG  ]  No samples found: trimmomatic
[2021-10-26 15:39:36,698] multiqc                                            [DEBUG  ]  No samples found: sickle
[2021-10-26 15:39:36,701] multiqc                                            [DEBUG  ]  No samples found: skewer
[2021-10-26 15:39:36,703] multiqc                                            [DEBUG  ]  No samples found: sortmerna
[2021-10-26 15:39:36,706] multiqc                                            [DEBUG  ]  No samples found: biobloomtools
[2021-10-26 15:39:36,708] multiqc                                            [DEBUG  ]  No samples found: fastq_screen
[2021-10-26 15:39:36,711] multiqc                                            [DEBUG  ]  No samples found: afterqc
[2021-10-26 15:39:36,713] multiqc                                            [DEBUG  ]  No samples found: fastp
[2021-10-26 15:39:36,736] multiqc.modules.fastqc.fastqc                      [INFO   ]  Found 4 reports
[2021-10-26 15:39:36,779] multiqc                                            [DEBUG  ]  No samples found: pychopper
[2021-10-26 15:39:36,781] multiqc                                            [DEBUG  ]  No samples found: pycoqc
[2021-10-26 15:39:36,784] multiqc                                            [DEBUG  ]  No samples found: minionqc
[2021-10-26 15:39:36,786] multiqc                                            [DEBUG  ]  No samples found: multivcfanalyzer
[2021-10-26 15:39:36,789] multiqc                                            [DEBUG  ]  No samples found: clusterflow
[2021-10-26 15:39:36,791] multiqc                                            [DEBUG  ]  No samples found: bcl2fastq
[2021-10-26 15:39:36,794] multiqc                                            [DEBUG  ]  No samples found: bclconvert
[2021-10-26 15:39:36,796] multiqc                                            [DEBUG  ]  No samples found: interop
[2021-10-26 15:39:36,799] multiqc                                            [DEBUG  ]  No samples found: ivar
[2021-10-26 15:39:36,801] multiqc                                            [DEBUG  ]  No samples found: flash
[2021-10-26 15:39:36,804] multiqc                                            [DEBUG  ]  No samples found: seqyclean
[2021-10-26 15:39:36,806] multiqc                                            [DEBUG  ]  No samples found: optitype
[2021-10-26 15:39:36,810] multiqc                                            [INFO   ]  Compressing plot data
[2021-10-26 15:39:36,846] multiqc                                            [INFO   ]  Report      : multiqc/multiqc_report.html
[2021-10-26 15:39:36,846] multiqc                                            [INFO   ]  Data        : multiqc/multiqc_data
[2021-10-26 15:39:36,846] multiqc                                            [DEBUG  ]  Moving data file from '/tmp/tmpvoxaxs_3/multiqc_data' to 'multiqc/multiqc_data'
[2021-10-26 15:39:36,898] multiqc                                            [INFO   ]  MultiQC complete
